
62. Printing statistics.

=== ksa_16bit ===

   Number of wires:                158
   Number of wire bits:            203
   Number of public wires:           5
   Number of public wire bits:      50
   Number of memories:               0
   Number of memory bits:            0
   Number of processes:              0
   Number of cells:                170
     sky130_fd_sc_hd__a211oi_2       3
     sky130_fd_sc_hd__a21boi_2       2
     sky130_fd_sc_hd__a21oi_2       22
     sky130_fd_sc_hd__a22o_2         1
     sky130_fd_sc_hd__a22oi_2        1
     sky130_fd_sc_hd__a2bb2o_2       1
     sky130_fd_sc_hd__a31o_2         4
     sky130_fd_sc_hd__a31oi_2        6
     sky130_fd_sc_hd__a41o_2         1
     sky130_fd_sc_hd__a41oi_2        1
     sky130_fd_sc_hd__and2_2        13
     sky130_fd_sc_hd__and2b_2        3
     sky130_fd_sc_hd__and4_2         5
     sky130_fd_sc_hd__buf_1          1
     sky130_fd_sc_hd__inv_2          1
     sky130_fd_sc_hd__nand2_2       22
     sky130_fd_sc_hd__nand3_2        5
     sky130_fd_sc_hd__nand4_2        5
     sky130_fd_sc_hd__nand4b_2       1
     sky130_fd_sc_hd__nor2_2        32
     sky130_fd_sc_hd__nor3_2         1
     sky130_fd_sc_hd__o2111a_2       2
     sky130_fd_sc_hd__o2111ai_2      2
     sky130_fd_sc_hd__o211ai_2       3
     sky130_fd_sc_hd__o21a_2         5
     sky130_fd_sc_hd__o21ai_2        8
     sky130_fd_sc_hd__o21bai_2       2
     sky130_fd_sc_hd__o31ai_2        1
     sky130_fd_sc_hd__or2_2          3
     sky130_fd_sc_hd__or2b_2         3
     sky130_fd_sc_hd__xnor2_2        4
     sky130_fd_sc_hd__xor2_2         6

   Chip area for module '\ksa_16bit': 1530.217600

